[02:49:59] [main/INFO]: Setting user: Player748
[02:50:00] [Client thread/INFO]: LWJGL Version: 2.9.1
[02:50:06] [Client thread/INFO]: Reloading ResourceManager: Default, FMLFileResourcePack:Forge Mod Loader, FMLFileResourcePack:Minecraft Forge, FMLFileResourcePack:§l§bHex§3Color§9Codes§r
[02:50:06] [Sound Library Loader/INFO]: Sound engine started
[02:50:07] [Client thread/INFO]: Created: 16x16 textures/blocks-atlas
[02:50:07] [Client thread/INFO]: Created: 16x16 textures/items-atlas
[02:50:07] [Client thread/INFO]: Reloading ResourceManager: Default, FMLFileResourcePack:Forge Mod Loader, FMLFileResourcePack:Minecraft Forge, FMLFileResourcePack:§l§bHex§3Color§9Codes§r
[02:50:07] [Client thread/INFO]: Created: 512x256 textures/blocks-atlas
[02:50:07] [Client thread/INFO]: Created: 256x256 textures/items-atlas
[02:50:08] [Sound Library Loader/INFO]: Sound engine started
[02:50:29] [Server thread/INFO]: Starting integrated minecraft server version 1.7.10
[02:50:29] [Server thread/INFO]: Generating keypair
[02:50:30] [Server thread/INFO]: Preparing start region for level 0
[02:50:30] [Server thread/INFO]: Changing view distance to 12, from 10
[02:50:31] [Server thread/INFO]: Player748[local:E:2e13a334] logged in with entity id 294 at (-73.5, 66.0, 254.5)
[02:50:31] [Server thread/INFO]: Player748 joined the game
[02:50:35] [Client thread/INFO]: [CHAT] /gamemode, /gamerule
[02:50:35] [Client thread/INFO]: [CHAT] survival, creative, adventure
[02:50:36] [Client thread/INFO]: [CHAT] survival, creative, adventure
[02:50:36] [Server thread/INFO]: [Player748: Set own game mode to Creative Mode]
[02:50:36] [Client thread/INFO]: [CHAT] Your game mode has been updated
[02:50:37] [Server thread/INFO]: Player748 has just earned the achievement [Taking Inventory]
[02:50:37] [Client thread/INFO]: [CHAT] Player748 has just earned the achievement [Taking Inventory]
[02:50:48] [Client thread/INFO]: [CHAT] list, help, remove, chaosremove, ring, amulet, artifact, common, uncommon, rare, etech, epic, legendary, pearlescent, seraph, glitch, effervescent, effervescent_, black
[02:50:49] [Client thread/INFO]: [CHAT] list, help, remove, chaosremove, ring, amulet, artifact, common, uncommon, rare, etech, epic, legendary, pearlescent, seraph, glitch, effervescent, effervescent_, black
[02:50:49] [Client thread/INFO]: [CHAT] list, help, remove, chaosremove, ring, amulet, artifact, common, uncommon, rare, etech, epic, legendary, pearlescent, seraph, glitch, effervescent, effervescent_, black
[02:50:49] [Client thread/INFO]: [CHAT] list, help, remove, chaosremove, ring, amulet, artifact, common, uncommon, rare, etech, epic, legendary, pearlescent, seraph, glitch, effervescent, effervescent_, black
[02:50:50] [Client thread/INFO]: [CHAT] list, help, remove, chaosremove, ring, amulet, artifact, common, uncommon, rare, etech, epic, legendary, pearlescent, seraph, glitch, effervescent, effervescent_, black
[02:50:50] [Client thread/INFO]: [CHAT] list, help, remove, chaosremove, ring, amulet, artifact, common, uncommon, rare, etech, epic, legendary, pearlescent, seraph, glitch, effervescent, effervescent_, black
[02:50:50] [Client thread/INFO]: [CHAT] list, help, remove, chaosremove, ring, amulet, artifact, common, uncommon, rare, etech, epic, legendary, pearlescent, seraph, glitch, effervescent, effervescent_, black
[02:50:51] [Client thread/INFO]: [CHAT] chaotic, volatile, primordial, ascended
[02:50:51] [Client thread/INFO]: [CHAT] chaotic, volatile, primordial, ascended
[02:50:51] [Client thread/INFO]: [CHAT] chaotic, volatile, primordial, ascended
[02:50:51] [Client thread/INFO]: [CHAT] chaotic, volatile, primordial, ascended
[02:50:56] [Client thread/INFO]: [CHAT] list, help, remove, chaosremove, ring, amulet, artifact, common, uncommon, rare, etech, epic, legendary, pearlescent, seraph, glitch, effervescent, effervescent_, black
[02:50:56] [Client thread/INFO]: [CHAT] list, help, remove, chaosremove, ring, amulet, artifact, common, uncommon, rare, etech, epic, legendary, pearlescent, seraph, glitch, effervescent, effervescent_, black
[02:50:56] [Client thread/INFO]: [CHAT] list, help, remove, chaosremove, ring, amulet, artifact, common, uncommon, rare, etech, epic, legendary, pearlescent, seraph, glitch, effervescent, effervescent_, black
[02:50:56] [Client thread/INFO]: [CHAT] list, help, remove, chaosremove, ring, amulet, artifact, common, uncommon, rare, etech, epic, legendary, pearlescent, seraph, glitch, effervescent, effervescent_, black
[02:50:57] [Client thread/INFO]: [CHAT] list, help, remove, chaosremove, ring, amulet, artifact, common, uncommon, rare, etech, epic, legendary, pearlescent, seraph, glitch, effervescent, effervescent_, black
[02:50:57] [Client thread/INFO]: [CHAT] list, help, remove, chaosremove, ring, amulet, artifact, common, uncommon, rare, etech, epic, legendary, pearlescent, seraph, glitch, effervescent, effervescent_, black
[02:50:57] [Client thread/INFO]: [CHAT] list, help, remove, chaosremove, ring, amulet, artifact, common, uncommon, rare, etech, epic, legendary, pearlescent, seraph, glitch, effervescent, effervescent_, black
[02:50:57] [Client thread/INFO]: [CHAT] list, help, remove, chaosremove, ring, amulet, artifact, common, uncommon, rare, etech, epic, legendary, pearlescent, seraph, glitch, effervescent, effervescent_, black
[02:50:58] [Client thread/INFO]: [CHAT] list, help, remove, chaosremove, ring, amulet, artifact, common, uncommon, rare, etech, epic, legendary, pearlescent, seraph, glitch, effervescent, effervescent_, black
[02:50:58] [Client thread/INFO]: [CHAT] list, help, remove, chaosremove, ring, amulet, artifact, common, uncommon, rare, etech, epic, legendary, pearlescent, seraph, glitch, effervescent, effervescent_, black
[02:50:58] [Client thread/INFO]: [CHAT] list, help, remove, chaosremove, ring, amulet, artifact, common, uncommon, rare, etech, epic, legendary, pearlescent, seraph, glitch, effervescent, effervescent_, black
[02:50:58] [Client thread/INFO]: [CHAT] list, help, remove, chaosremove, ring, amulet, artifact, common, uncommon, rare, etech, epic, legendary, pearlescent, seraph, glitch, effervescent, effervescent_, black
[02:50:58] [Client thread/INFO]: [CHAT] list, help, remove, chaosremove, ring, amulet, artifact, common, uncommon, rare, etech, epic, legendary, pearlescent, seraph, glitch, effervescent, effervescent_, black
[02:50:59] [Client thread/INFO]: [CHAT] list, help, remove, chaosremove, ring, amulet, artifact, common, uncommon, rare, etech, epic, legendary, pearlescent, seraph, glitch, effervescent, effervescent_, black
[02:50:59] [Client thread/INFO]: [CHAT] §aApplied rarity: §fpearlescent
[02:51:06] [Client thread/INFO]: [CHAT] list, help, remove, chaosremove, ring, amulet, artifact, common, uncommon, rare, etech, epic, legendary, pearlescent, seraph, glitch, effervescent, effervescent_, black
[02:51:06] [Client thread/INFO]: [CHAT] list, help, remove, chaosremove, ring, amulet, artifact, common, uncommon, rare, etech, epic, legendary, pearlescent, seraph, glitch, effervescent, effervescent_, black
[02:51:06] [Client thread/INFO]: [CHAT] list, help, remove, chaosremove, ring, amulet, artifact, common, uncommon, rare, etech, epic, legendary, pearlescent, seraph, glitch, effervescent, effervescent_, black
[02:51:06] [Client thread/INFO]: [CHAT] list, help, remove, chaosremove, ring, amulet, artifact, common, uncommon, rare, etech, epic, legendary, pearlescent, seraph, glitch, effervescent, effervescent_, black
[02:51:06] [Client thread/INFO]: [CHAT] list, help, remove, chaosremove, ring, amulet, artifact, common, uncommon, rare, etech, epic, legendary, pearlescent, seraph, glitch, effervescent, effervescent_, black
[02:51:07] [Client thread/INFO]: [CHAT] §aApplied wearable lore: §fRing
[02:51:21] [Server thread/INFO]: [Player748: Set own game mode to Survival Mode]
[02:51:21] [Client thread/INFO]: [CHAT] Your game mode has been updated
